<?xml version="1.0" encoding="UTF-8"?>
<!-- Generated by org.testng.reporters.JUnitXMLReporter -->
<testsuite ignored="3" hostname="DESKTOP-L8D6NFS" failures="0" tests="0" time="0.029" errors="0" timestamp="2023-08-11T10:53:22 IST">
  <testcase classname="GroupingTest.smoke" name="test1" time="0.0">
    <ignored/>
  </testcase> <!-- test1 -->
  <testcase classname="GroupingTest.smoke" name="test2" time="0.0">
    <ignored/>
  </testcase> <!-- test2 -->
  <testcase classname="GroupingTest.smoke" name="test3" time="0.0">
    <ignored/>
  </testcase> <!-- test3 -->
</testsuite>
