<?xml version="1.0" encoding="UTF-8"?>
<!-- Generated by org.testng.reporters.JUnitXMLReporter -->
<testsuite ignored="2" hostname="DESKTOP-L8D6NFS" failures="0" tests="2" name="smoke" time="0.169" errors="0" timestamp="2023-08-11T15:38:39 IST">
  <testcase classname="GroupingTest.smoke" name="test1" time="0.016"/>
  <testcase classname="GroupingTest.smoke" name="test2" time="0.003"/>
  <testcase classname="GroupingTest.smoke" name="test4" time="0.0">
    <ignored/>
  </testcase> <!-- test4 -->
  <testcase classname="GroupingTest.smoke" name="test3" time="0.0">
    <ignored/>
  </testcase> <!-- test3 -->
</testsuite> <!-- smoke -->
