<?xml version="1.0" encoding="UTF-8"?>
<!-- Generated by org.testng.reporters.JUnitXMLReporter -->
<testsuite ignored="2" hostname="DESKTOP-L8D6NFS" failures="0" tests="1" name="Test1" time="20.529" errors="0" timestamp="2023-08-30T15:52:44 IST">
  <testcase classname="TestNg1.MultitestRun" name="testgoogle" time="11.829"/>
  <testcase classname="TestNg1.MultitestRun" name="TestFacebook" time="0.0">
    <ignored/>
  </testcase> <!-- TestFacebook -->
  <testcase classname="TestNg1.MultitestRun" name="TestOrangeHRM" time="0.0">
    <ignored/>
  </testcase> <!-- TestOrangeHRM -->
</testsuite> <!-- Test1 -->
